# JRE version: OpenJDK Runtime Environment (8.0_152-b02) (build 1.8.0_152-release-1024-b02)
# Java VM: OpenJDK 64-Bit Server VM (25.152-b02 mixed mode windows-amd64 compressed oops)
Heap:
 PSYoungGen      total 271360K, used 199996K [0x00000000e0000000, 0x00000000f4500000, 0x0000000100000000)
  eden space 230400K, 79% used [0x00000000e0000000,0x00000000eb208538,0x00000000ee100000)
  from space 40960K, 43% used [0x00000000ee100000,0x00000000ef246e80,0x00000000f0900000)
  to   space 38912K, 0% used [0x00000000f1f00000,0x00000000f1f00000,0x00000000f4500000)
 ParOldGen       total 211968K, used 52643K [0x00000000a0000000, 0x00000000acf00000, 0x00000000e0000000)
  object space 211968K, 24% used [0x00000000a0000000,0x00000000a3368c40,0x00000000acf00000)
 Metaspace       used 97063K, capacity 101574K, committed 102488K, reserved 1138688K
  class space    used 12545K, capacity 13528K, committed 13696K, reserved 1048576K
GC Heap History (10 events):
Event: 3804.726 GC heap before
{Heap before GC invocations=17 (full 3):
 PSYoungGen      total 241664K, used 241653K [0x00000000e0000000, 0x00000000f2680000, 0x0000000100000000)
  eden space 218624K, 100% used [0x00000000e0000000,0x00000000ed580000,0x00000000ed580000)
  from space 23040K, 99% used [0x00000000ed580000,0x00000000eebfd7f8,0x00000000eec00000)
  to   space 29184K, 0% used [0x00000000f0a00000,0x00000000f0a00000,0x00000000f2680000)
 ParOldGen       total 152576K, used 47328K [0x00000000a0000000, 0x00000000a9500000, 0x00000000e0000000)
  object space 152576K, 31% used [0x00000000a0000000,0x00000000a2e38048,0x00000000a9500000)
 Metaspace       used 80738K, capacity 84224K, committed 84312K, reserved 1122304K
  class space    used 10567K, capacity 11384K, committed 11392K, reserved 1048576K
Event: 3804.772 GC heap after
Heap after GC invocations=17 (full 3):
 PSYoungGen      total 268800K, used 26948K [0x00000000e0000000, 0x00000000f3880000, 0x0000000100000000)
  eden space 239616K, 0% used [0x00000000e0000000,0x00000000e0000000,0x00000000eea00000)
  from space 29184K, 92% used [0x00000000f0a00000,0x00000000f24512d0,0x00000000f2680000)
  to   space 32768K, 0% used [0x00000000eea00000,0x00000000eea00000,0x00000000f0a00000)
 ParOldGen       total 152576K, used 47336K [0x00000000a0000000, 0x00000000a9500000, 0x00000000e0000000)
  object space 152576K, 31% used [0x00000000a0000000,0x00000000a2e3a048,0x00000000a9500000)
 Metaspace       used 80738K, capacity 84224K, committed 84312K, reserved 1122304K
  class space    used 10567K, capacity 11384K, committed 11392K, reserved 1048576K
}
Event: 4085.122 GC heap before
{Heap before GC invocations=18 (full 3):
 PSYoungGen      total 268800K, used 266564K [0x00000000e0000000, 0x00000000f3880000, 0x0000000100000000)
  eden space 239616K, 100% used [0x00000000e0000000,0x00000000eea00000,0x00000000eea00000)
  from space 29184K, 92% used [0x00000000f0a00000,0x00000000f24512d0,0x00000000f2680000)
  to   space 32768K, 0% used [0x00000000eea00000,0x00000000eea00000,0x00000000f0a00000)
 ParOldGen       total 152576K, used 47336K [0x00000000a0000000, 0x00000000a9500000, 0x00000000e0000000)
  object space 152576K, 31% used [0x00000000a0000000,0x00000000a2e3a048,0x00000000a9500000)
 Metaspace       used 87131K, capacity 91040K, committed 91224K, reserved 1128448K
  class space    used 11373K, capacity 12292K, committed 12416K, reserved 1048576K
Event: 4085.160 GC heap after
Heap after GC invocations=18 (full 3):
 PSYoungGen      total 263168K, used 31324K [0x00000000e0000000, 0x00000000f2a00000, 0x0000000100000000)
  eden space 231424K, 0% used [0x00000000e0000000,0x00000000e0000000,0x00000000ee200000)
  from space 31744K, 98% used [0x00000000eea00000,0x00000000f0897200,0x00000000f0900000)
  to   space 33792K, 0% used [0x00000000f0900000,0x00000000f0900000,0x00000000f2a00000)
 ParOldGen       total 152576K, used 47344K [0x00000000a0000000, 0x00000000a9500000, 0x00000000e0000000)
  object space 152576K, 31% used [0x00000000a0000000,0x00000000a2e3c048,0x00000000a9500000)
 Metaspace       used 87131K, capacity 91040K, committed 91224K, reserved 1128448K
  class space    used 11373K, capacity 12292K, committed 12416K, reserved 1048576K
}
Event: 4087.096 GC heap before
{Heap before GC invocations=19 (full 3):
 PSYoungGen      total 263168K, used 106496K [0x00000000e0000000, 0x00000000f2a00000, 0x0000000100000000)
  eden space 231424K, 32% used [0x00000000e0000000,0x00000000e4968fc8,0x00000000ee200000)
  from space 31744K, 98% used [0x00000000eea00000,0x00000000f0897200,0x00000000f0900000)
  to   space 33792K, 0% used [0x00000000f0900000,0x00000000f0900000,0x00000000f2a00000)
 ParOldGen       total 152576K, used 47344K [0x00000000a0000000, 0x00000000a9500000, 0x00000000e0000000)
  object space 152576K, 31% used [0x00000000a0000000,0x00000000a2e3c048,0x00000000a9500000)
 Metaspace       used 93781K, capacity 98170K, committed 98264K, reserved 1134592K
  class space    used 12286K, capacity 13295K, committed 13312K, reserved 1048576K
Event: 4087.135 GC heap after
Heap after GC invocations=19 (full 3):
 PSYoungGen      total 264192K, used 33137K [0x00000000e0000000, 0x00000000f5680000, 0x0000000100000000)
  eden space 230400K, 0% used [0x00000000e0000000,0x00000000e0000000,0x00000000ee100000)
  from space 33792K, 98% used [0x00000000f0900000,0x00000000f295c480,0x00000000f2a00000)
  to   space 40960K, 0% used [0x00000000ee100000,0x00000000ee100000,0x00000000f0900000)
 ParOldGen       total 152576K, used 47352K [0x00000000a0000000, 0x00000000a9500000, 0x00000000e0000000)
  object space 152576K, 31% used [0x00000000a0000000,0x00000000a2e3e048,0x00000000a9500000)
 Metaspace       used 93781K, capacity 98170K, committed 98264K, reserved 1134592K
  class space    used 12286K, capacity 13295K, committed 13312K, reserved 1048576K
}
Event: 4087.135 GC heap before
{Heap before GC invocations=20 (full 4):
 PSYoungGen      total 264192K, used 33137K [0x00000000e0000000, 0x00000000f5680000, 0x0000000100000000)
  eden space 230400K, 0% used [0x00000000e0000000,0x00000000e0000000,0x00000000ee100000)
  from space 33792K, 98% used [0x00000000f0900000,0x00000000f295c480,0x00000000f2a00000)
  to   space 40960K, 0% used [0x00000000ee100000,0x00000000ee100000,0x00000000f0900000)
 ParOldGen       total 152576K, used 47352K [0x00000000a0000000, 0x00000000a9500000, 0x00000000e0000000)
  object space 152576K, 31% used [0x00000000a0000000,0x00000000a2e3e048,0x00000000a9500000)
 Metaspace       used 93781K, capacity 98170K, committed 98264K, reserved 1134592K
  class space    used 12286K, capacity 13295K, committed 13312K, reserved 1048576K
Event: 4087.372 GC heap after
Heap after GC invocations=20 (full 4):
 PSYoungGen      total 264192K, used 0K [0x00000000e0000000, 0x00000000f5680000, 0x0000000100000000)
  eden space 230400K, 0% used [0x00000000e0000000,0x00000000e0000000,0x00000000ee100000)
  from space 33792K, 0% used [0x00000000f0900000,0x00000000f0900000,0x00000000f2a00000)
  to   space 40960K, 0% used [0x00000000ee100000,0x00000000ee100000,0x00000000f0900000)
 ParOldGen       total 211968K, used 52635K [0x00000000a0000000, 0x00000000acf00000, 0x00000000e0000000)
  object space 211968K, 24% used [0x00000000a0000000,0x00000000a3366c40,0x00000000acf00000)
 Metaspace       used 92164K, capacity 95792K, committed 98264K, reserved 1134592K
  class space    used 11939K, capacity 12781K, committed 13312K, reserved 1048576K
}
Event: 4163.173 GC heap before
{Heap before GC invocations=21 (full 4):
 PSYoungGen      total 264192K, used 229491K [0x00000000e0000000, 0x00000000f5680000, 0x0000000100000000)
  eden space 230400K, 99% used [0x00000000e0000000,0x00000000ee01ccc8,0x00000000ee100000)
  from space 33792K, 0% used [0x00000000f0900000,0x00000000f0900000,0x00000000f2a00000)
  to   space 40960K, 0% used [0x00000000ee100000,0x00000000ee100000,0x00000000f0900000)
 ParOldGen       total 211968K, used 52635K [0x00000000a0000000, 0x00000000acf00000, 0x00000000e0000000)
  object space 211968K, 24% used [0x00000000a0000000,0x00000000a3366c40,0x00000000acf00000)
 Metaspace       used 96833K, capacity 101200K, committed 102232K, reserved 1138688K
  class space    used 12521K, capacity 13467K, committed 13696K, reserved 1048576K
Event: 4163.199 GC heap after
Heap after GC invocations=21 (full 4):
 PSYoungGen      total 271360K, used 17691K [0x00000000e0000000, 0x00000000f4500000, 0x0000000100000000)
  eden space 230400K, 0% used [0x00000000e0000000,0x00000000e0000000,0x00000000ee100000)
  from space 40960K, 43% used [0x00000000ee100000,0x00000000ef246e80,0x00000000f0900000)
  to   space 38912K, 0% used [0x00000000f1f00000,0x00000000f1f00000,0x00000000f4500000)
 ParOldGen       total 211968K, used 52643K [0x00000000a0000000, 0x00000000acf00000, 0x00000000e0000000)
  object space 211968K, 24% used [0x00000000a0000000,0x00000000a3368c40,0x00000000acf00000)
 Metaspace       used 96833K, capacity 101200K, committed 102232K, reserved 1138688K
  class space    used 12521K, capacity 13467K, committed 13696K, reserved 1048576K
}

